<?xml version="1.0" encoding="utf-8"?><testsuites name="pytest tests"><testsuite name="pytest" errors="0" failures="0" skipped="0" tests="26" time="13.332" timestamp="2026-06-04T17:08:38.106477+00:00" hostname="agent-env-f7b5d136-3a49-426b-8937-3a98ce81f5e2"><testcase classname="tests.test_analyze_pipeline.TestNumericVariants" name="test_currency_strip" time="8.993" /><testcase classname="tests.test_analyze_pipeline.TestNumericVariants" name="test_comma_strip" time="0.001" /><testcase classname="tests.test_analyze_pipeline.TestNumericVariants" name="test_parens_to_minus" time="0.001" /><testcase classname="tests.test_analyze_pipeline.TestNumericVariants" name="test_trailing_zeros" time="0.001" /><testcase classname="tests.test_analyze_pipeline.TestNumericVariants" name="test_empty" time="0.000" /><testcase classname="tests.test_analyze_pipeline.TestAnalyzeValidation" name="test_unauth_401" time="0.179" /><testcase classname="tests.test_analyze_pipeline.TestAnalyzeValidation" name="test_empty_question_400" time="0.173" /><testcase classname="tests.test_analyze_pipeline.TestAnalyzeValidation" name="test_empty_doc_scope_400" time="0.140" /><testcase classname="tests.test_analyze_pipeline.TestAnalyzeValidation" name="test_unknown_doc_422" time="0.193" /><testcase classname="tests.test_analyze_pipeline.TestAnalyzeValidation" name="test_cross_user_isolation_422" time="0.176" /><testcase classname="tests.test_analyze_pipeline.TestAnalyzeContract" name="test_text_pdf_payload_shape" time="0.001" /><testcase classname="tests.test_analyze_pipeline.TestAnalyzeContract" name="test_text_pdf_is_verified_true" time="0.000" /><testcase classname="tests.test_analyze_pipeline.TestAnalyzeContract" name="test_text_pdf_cited_pages_present" time="0.000" /><testcase classname="tests.test_analyze_pipeline.TestAnalyzeContract" name="test_image_pdf_is_verified_false" time="0.158" /><testcase classname="tests.test_analyze_pipeline.TestExportTable" name="test_no_table_400" time="0.166" /><testcase classname="tests.test_analyze_pipeline.TestExportTable" name="test_basic_table_export" time="0.178" /><testcase classname="tests.test_analyze_pipeline.TestExportTable" name="test_table_no_provenance" time="0.214" /><testcase classname="tests.test_analyze_pipeline.TestHighlightPage" name="test_matching_terms" time="0.248" /><testcase classname="tests.test_analyze_pipeline.TestHighlightPage" name="test_no_match_returns_page" time="0.247" /><testcase classname="tests.test_analyze_pipeline.TestHighlightPage" name="test_cross_user_404" time="0.161" /><testcase classname="tests.test_analyze_pipeline.TestHighlightThumbnail" name="test_thumbnail_returns" time="0.179" /><testcase classname="tests.test_analyze_pipeline.TestHighlightThumbnail" name="test_thumbnail_cross_user_404" time="0.163" /><testcase classname="tests.test_analyze_pipeline.TestPageText" name="test_text_pdf" time="0.170" /><testcase classname="tests.test_analyze_pipeline.TestPageText" name="test_image_pdf" time="0.182" /><testcase classname="tests.test_analyze_pipeline.TestPageText" name="test_cross_user_404" time="0.156" /><testcase classname="tests.test_analyze_pipeline.TestNumericVariantMatching" name="test_dollar_m_variant_matched_in_provenance" time="0.600" /></testsuite></testsuites>