<?xml version="1.0" encoding="utf-8"?><testsuites name="pytest tests"><testsuite name="pytest" errors="0" failures="1" skipped="0" tests="184" time="142.697" timestamp="2026-06-04T17:09:03.498333+00:00" hostname="agent-env-f7b5d136-3a49-426b-8937-3a98ce81f5e2"><testcase classname="tests.backend_test.TestHealth" name="test_root" time="0.214" /><testcase classname="tests.backend_test.TestAuth" name="test_signup_user_a" time="0.506" /><testcase classname="tests.backend_test.TestAuth" name="test_signup_user_b" time="0.527" /><testcase classname="tests.backend_test.TestAuth" name="test_signup_duplicate_returns_400" time="0.195" /><testcase classname="tests.backend_test.TestAuth" name="test_login_valid" time="0.546" /><testcase classname="tests.backend_test.TestAuth" name="test_login_invalid_password" time="0.521" /><testcase classname="tests.backend_test.TestAuth" name="test_login_unknown_user" time="0.135" /><testcase classname="tests.backend_test.TestAuth" name="test_me_with_token" time="0.169" /><testcase classname="tests.backend_test.TestAuth" name="test_me_without_token" time="0.162" /><testcase classname="tests.backend_test.TestAuth" name="test_me_with_bad_token" time="0.150" /><testcase classname="tests.backend_test.TestDeals" name="test_create_deal" time="0.170" /><testcase classname="tests.backend_test.TestDeals" name="test_create_deal_requires_auth" time="0.153" /><testcase classname="tests.backend_test.TestDeals" name="test_list_deals_only_for_user" time="0.372" /><testcase classname="tests.backend_test.TestDeals" name="test_get_deal_returns_counts" time="0.169" /><testcase classname="tests.backend_test.TestDeals" name="test_get_deal_unauthorized_user_404" time="0.201" /><testcase classname="tests.backend_test.TestDocuments" name="test_upload_pdf_and_extract" time="0.237" /><testcase classname="tests.backend_test.TestDocuments" name="test_reject_non_pdf" time="0.180" /><testcase classname="tests.backend_test.TestDocuments" name="test_upload_unauthorized_deal_404" time="0.165" /><testcase classname="tests.backend_test.TestDocuments" name="test_list_documents" time="0.178" /><testcase classname="tests.backend_test.TestDocuments" name="test_list_documents_other_user_blocked" time="0.192" /><testcase classname="tests.backend_test.TestDocuments" name="test_get_document_other_user_blocked" time="0.180" /><testcase classname="tests.backend_test.TestDocuments" name="test_extraction_completes_or_fails_with_message" time="9.703" /><testcase classname="tests.backend_test.TestDashboardAndActivity" name="test_dashboard_stats" time="0.210" /><testcase classname="tests.backend_test.TestDashboardAndActivity" name="test_recent_activity" time="0.170" /><testcase classname="tests.backend_test.TestDeletionAndAuthz" name="test_delete_deal_blocked_for_other_user" time="0.158" /><testcase classname="tests.backend_test.TestDeletionAndAuthz" name="test_delete_deal_cascades_documents" time="0.460" /><testcase classname="tests.test_analyze_pipeline.TestNumericVariants" name="test_currency_strip" time="6.902" /><testcase classname="tests.test_analyze_pipeline.TestNumericVariants" name="test_comma_strip" time="0.001" /><testcase classname="tests.test_analyze_pipeline.TestNumericVariants" name="test_parens_to_minus" time="0.000" /><testcase classname="tests.test_analyze_pipeline.TestNumericVariants" name="test_trailing_zeros" time="0.001" /><testcase classname="tests.test_analyze_pipeline.TestNumericVariants" name="test_empty" time="0.000" /><testcase classname="tests.test_analyze_pipeline.TestAnalyzeValidation" name="test_unauth_401" time="0.194" /><testcase classname="tests.test_analyze_pipeline.TestAnalyzeValidation" name="test_empty_question_400" time="0.161" /><testcase classname="tests.test_analyze_pipeline.TestAnalyzeValidation" name="test_empty_doc_scope_400" time="0.142" /><testcase classname="tests.test_analyze_pipeline.TestAnalyzeValidation" name="test_unknown_doc_422" time="0.165" /><testcase classname="tests.test_analyze_pipeline.TestAnalyzeValidation" name="test_cross_user_isolation_422" time="0.168" /><testcase classname="tests.test_analyze_pipeline.TestAnalyzeContract" name="test_text_pdf_payload_shape" time="0.001" /><testcase classname="tests.test_analyze_pipeline.TestAnalyzeContract" name="test_text_pdf_is_verified_true" time="0.001" /><testcase classname="tests.test_analyze_pipeline.TestAnalyzeContract" name="test_text_pdf_cited_pages_present" time="0.001" /><testcase classname="tests.test_analyze_pipeline.TestAnalyzeContract" name="test_image_pdf_is_verified_false" time="0.151" /><testcase classname="tests.test_analyze_pipeline.TestExportTable" name="test_no_table_400" time="0.164" /><testcase classname="tests.test_analyze_pipeline.TestExportTable" name="test_basic_table_export" time="0.146" /><testcase classname="tests.test_analyze_pipeline.TestExportTable" name="test_table_no_provenance" time="0.193" /><testcase classname="tests.test_analyze_pipeline.TestHighlightPage" name="test_matching_terms" time="0.253" /><testcase classname="tests.test_analyze_pipeline.TestHighlightPage" name="test_no_match_returns_page" time="0.239" /><testcase classname="tests.test_analyze_pipeline.TestHighlightPage" name="test_cross_user_404" time="0.178" /><testcase classname="tests.test_analyze_pipeline.TestHighlightThumbnail" name="test_thumbnail_returns" time="0.179" /><testcase classname="tests.test_analyze_pipeline.TestHighlightThumbnail" name="test_thumbnail_cross_user_404" time="0.159" /><testcase classname="tests.test_analyze_pipeline.TestPageText" name="test_text_pdf" time="0.164" /><testcase classname="tests.test_analyze_pipeline.TestPageText" name="test_image_pdf" time="0.195" /><testcase classname="tests.test_analyze_pipeline.TestPageText" name="test_cross_user_404" time="0.163" /><testcase classname="tests.test_analyze_pipeline.TestNumericVariantMatching" name="test_dollar_m_variant_matched_in_provenance" time="0.525" /><testcase classname="tests.test_billing_share_slack.TestSetup" name="test_signup_user_a" time="0.500" /><testcase classname="tests.test_billing_share_slack.TestSetup" name="test_signup_user_b" time="0.525" /><testcase classname="tests.test_billing_share_slack.TestSetup" name="test_create_deal_under_a" time="0.174" /><testcase classname="tests.test_billing_share_slack.TestSetup" name="test_create_deal_under_b" time="0.208" /><testcase classname="tests.test_billing_share_slack.TestPackages" name="test_list_packages_shape" time="0.159" /><testcase classname="tests.test_billing_share_slack.TestCheckoutSession" name="test_unknown_package_400" time="0.173" /><testcase classname="tests.test_billing_share_slack.TestCheckoutSession" name="test_create_checkout_session_monthly" time="1.198" /><testcase classname="tests.test_billing_share_slack.TestCheckoutSession" name="test_unauthenticated_blocked" time="0.163" /><testcase classname="tests.test_billing_share_slack.TestCheckoutStatus" name="test_status_for_own_session" time="0.424" /><testcase classname="tests.test_billing_share_slack.TestCheckoutStatus" name="test_status_other_user_404" time="0.177" /><testcase classname="tests.test_billing_share_slack.TestCheckoutStatus" name="test_status_unknown_session_404" time="0.185" /><testcase classname="tests.test_billing_share_slack.TestStripeWebhook" name="test_invalid_webhook_returns_400_not_500" time="0.166" /><testcase classname="tests.test_billing_share_slack.TestStripeWebhook" name="test_missing_signature_returns_400" time="0.146" /><testcase classname="tests.test_billing_share_slack.TestSettings" name="test_set_valid_slack_webhook" time="0.156" /><testcase classname="tests.test_billing_share_slack.TestSettings" name="test_persisted_via_me" time="0.175" /><testcase classname="tests.test_billing_share_slack.TestSettings" name="test_reject_non_slack_url" time="0.163" /><testcase classname="tests.test_billing_share_slack.TestSettings" name="test_empty_string_clears" time="0.146" /><testcase classname="tests.test_billing_share_slack.TestSettings" name="test_unauthenticated_blocked" time="0.167" /><testcase classname="tests.test_billing_share_slack.TestUploadAndRollup" name="test_upload_pdf" time="0.176" /><testcase classname="tests.test_billing_share_slack.TestUploadAndRollup" name="test_wait_extraction" time="9.745" /><testcase classname="tests.test_billing_share_slack.TestUploadAndRollup" name="test_share_before_rollup_400" time="0.189" /><testcase classname="tests.test_billing_share_slack.TestUploadAndRollup" name="test_generate_rollup" time="8.544" /><testcase classname="tests.test_billing_share_slack.TestShareLifecycle" name="test_get_share_when_none" time="0.217" /><testcase classname="tests.test_billing_share_slack.TestShareLifecycle" name="test_create_share" time="0.158" /><testcase classname="tests.test_billing_share_slack.TestShareLifecycle" name="test_create_share_idempotent" time="0.181" /><testcase classname="tests.test_billing_share_slack.TestShareLifecycle" name="test_get_share_after_create" time="0.165" /><testcase classname="tests.test_billing_share_slack.TestShareLifecycle" name="test_view_share_no_auth_required" time="0.169" /><testcase classname="tests.test_billing_share_slack.TestShareLifecycle" name="test_view_count_increments" time="0.314" /><testcase classname="tests.test_billing_share_slack.TestShareLifecycle" name="test_view_unknown_token_404" time="0.142" /><testcase classname="tests.test_billing_share_slack.TestShareLifecycle" name="test_cross_user_get_share_returns_none" time="0.186" /><testcase classname="tests.test_billing_share_slack.TestShareLifecycle" name="test_cross_user_revoke_404" time="0.163" /><testcase classname="tests.test_billing_share_slack.TestShareLifecycle" name="test_share_token_still_works_after_cross_user_revoke_attempt" time="0.153" /><testcase classname="tests.test_billing_share_slack.TestShareLifecycle" name="test_revoke_by_owner" time="0.183" /><testcase classname="tests.test_billing_share_slack.TestShareLifecycle" name="test_view_after_revoke_404" time="0.148" /><testcase classname="tests.test_billing_share_slack.TestShareLifecycle" name="test_create_new_share_after_revoke" time="0.154" /><testcase classname="tests.test_billing_share_slack.TestRegressionSmoke" name="test_dashboard" time="0.150" /><testcase classname="tests.test_billing_share_slack.TestRegressionSmoke" name="test_export_csv" time="0.177" /><testcase classname="tests.test_billing_share_slack.TestRegressionSmoke" name="test_document_file_header_auth" time="0.149" /><testcase classname="tests.test_billing_share_slack.TestRegressionSmoke" name="test_document_file_query_token" time="0.167" /><testcase classname="tests.test_billing_share_slack.TestCleanup" name="test_delete_deals" time="0.289" /><testcase classname="tests.test_iteration5_orgscoping.TestRecentActivityAfterUpload" name="test_upload_and_recent_for_uploader" time="2.250" /><testcase classname="tests.test_iteration5_orgscoping.TestRecentActivityAfterUpload" name="test_recent_for_org_member_b" time="0.144" /><testcase classname="tests.test_iteration5_orgscoping.TestMultiSeatAccess" name="test_b_can_get_document" time="0.148" /><testcase classname="tests.test_iteration5_orgscoping.TestMultiSeatAccess" name="test_b_can_get_document_file" time="0.164" /><testcase classname="tests.test_iteration5_orgscoping.TestMultiSeatAccess" name="test_b_can_get_rollup" time="33.729" /><testcase classname="tests.test_iteration5_orgscoping.TestMultiSeatAccess" name="test_b_dashboard_counts_shared" time="0.241" /><testcase classname="tests.test_iteration5_orgscoping.TestMultiSeatAccess" name="test_b_search_finds_org_content" time="0.235" /><testcase classname="tests.test_iteration5_orgscoping.TestMultiSeatAccess" name="test_b_can_delete_separate_document" time="0.550" /><testcase classname="tests.test_iteration5_orgscoping.TestCrossOrgIsolation" name="test_c_get_document_404" time="0.183" /><testcase classname="tests.test_iteration5_orgscoping.TestCrossOrgIsolation" name="test_c_get_document_file_404" time="0.175" /><testcase classname="tests.test_iteration5_orgscoping.TestCrossOrgIsolation" name="test_c_delete_document_404" time="0.162" /><testcase classname="tests.test_iteration5_orgscoping.TestCrossOrgIsolation" name="test_c_rollup_404" time="0.208" /><testcase classname="tests.test_iteration5_orgscoping.TestCrossOrgIsolation" name="test_c_search_does_not_see_org_content" time="0.207" /><testcase classname="tests.test_iteration5_orgscoping.TestCrossOrgIsolation" name="test_c_recent_does_not_see_org_doc" time="0.161" /><testcase classname="tests.test_iteration5_orgscoping.TestLegacyDocBackfill" name="test_legacy_doc_gets_backfilled_org_id" time="0.189"><failure message="AssertionError: backfill failed: {'_id': '8ff35388-f455-400a-bf13-8a158c9c8a3f', 'deal_id': 'c6a992f0-6485-4e30-a611-de50e293092a', 'user_id': '8ff20c90-09b6-468f-991e-ce488472372f', 'filename': 'legacy_1aa547ef.pdf', 'file_path': '/tmp/nonexistent.pdf', 'file_size': 0, 'mime_type': 'application/pdf', 'status': 'uploaded', 'created_at': '2026-06-04T17:10:36.018079+00:00'}&#10;assert None == '59e31256-58d7-4cd3-a98a-6dcd58182295'&#10; +  where None = &lt;built-in method get of dict object at 0x7e93449fed00&gt;('org_id')&#10; +    where &lt;built-in method get of dict object at 0x7e93449fed00&gt; = {'_id': '8ff35388-f455-400a-bf13-8a158c9c8a3f', 'created_at': '2026-06-04T17:10:36.018079+00:00', 'deal_id': 'c6a992f0-6485-4e30-a611-de50e293092a', 'file_path': '/tmp/nonexistent.pdf', ...}.get">tests/test_iteration5_orgscoping.py:250: in test_legacy_doc_gets_backfilled_org_id
    assert post.get("org_id") == deal_org, f"backfill failed: {post}"
E   AssertionError: backfill failed: {'_id': '8ff35388-f455-400a-bf13-8a158c9c8a3f', 'deal_id': 'c6a992f0-6485-4e30-a611-de50e293092a', 'user_id': '8ff20c90-09b6-468f-991e-ce488472372f', 'filename': 'legacy_1aa547ef.pdf', 'file_path': '/tmp/nonexistent.pdf', 'file_size': 0, 'mime_type': 'application/pdf', 'status': 'uploaded', 'created_at': '2026-06-04T17:10:36.018079+00:00'}
E   assert None == '59e31256-58d7-4cd3-a98a-6dcd58182295'
E    +  where None = &lt;built-in method get of dict object at 0x7e93449fed00&gt;('org_id')
E    +    where &lt;built-in method get of dict object at 0x7e93449fed00&gt; = {'_id': '8ff35388-f455-400a-bf13-8a158c9c8a3f', 'created_at': '2026-06-04T17:10:36.018079+00:00', 'deal_id': 'c6a992f0-6485-4e30-a611-de50e293092a', 'file_path': '/tmp/nonexistent.pdf', ...}.get</failure></testcase><testcase classname="tests.test_iteration5_orgscoping.TestLegacyDocBackfill" name="test_legacy_doc_accessible_after_backfill_by_org_member" time="0.221" /><testcase classname="tests.test_iteration5_orgscoping.TestSelfInviteGuard" name="test_self_invite_returns_400" time="0.183" /><testcase classname="tests.test_iteration5_orgscoping.TestSelfInviteGuard" name="test_self_invite_case_insensitive" time="0.200" /><testcase classname="tests.test_new_features.TestSetup" name="test_signup_user_a" time="0.561" /><testcase classname="tests.test_new_features.TestSetup" name="test_signup_user_b" time="0.534" /><testcase classname="tests.test_new_features.TestSetup" name="test_create_deal" time="0.198" /><testcase classname="tests.test_new_features.TestSetup" name="test_create_unrelated_deal_for_user_b" time="0.186" /><testcase classname="tests.test_new_features.TestCsvExportEmpty" name="test_export_csv_headers_only_no_docs" time="0.195" /><testcase classname="tests.test_new_features.TestCsvExportEmpty" name="test_export_csv_unauthorized" time="6.344" /><testcase classname="tests.test_new_features.TestCsvExportEmpty" name="test_export_csv_other_user_404" time="0.248" /><testcase classname="tests.test_new_features.TestCsvExportEmpty" name="test_export_csv_nonexistent_deal" time="0.158" /><testcase classname="tests.test_new_features.TestRollupEmpty" name="test_rollup_get_when_never_generated" time="0.185" /><testcase classname="tests.test_new_features.TestRollupEmpty" name="test_rollup_post_with_no_completed_docs_400" time="0.177" /><testcase classname="tests.test_new_features.TestUploadAndExtract" name="test_upload_pdf" time="0.233" /><testcase classname="tests.test_new_features.TestUploadAndExtract" name="test_wait_extraction_completes" time="9.769" /><testcase classname="tests.test_new_features.TestCsvExportPopulated" name="test_csv_contains_extracted_rows" time="0.194" /><testcase classname="tests.test_new_features.TestRollupGeneration" name="test_post_rollup_generates" time="10.882" /><testcase classname="tests.test_new_features.TestRollupGeneration" name="test_get_rollup_returns_cached" time="0.197" /><testcase classname="tests.test_new_features.TestRollupGeneration" name="test_rollup_other_user_404" time="0.342" /><testcase classname="tests.test_new_features.TestRollupGeneration" name="test_rollup_unauthenticated" time="0.158" /><testcase classname="tests.test_new_features.TestGlobalSearch" name="test_search_short_query_returns_empty" time="0.160" /><testcase classname="tests.test_new_features.TestGlobalSearch" name="test_search_empty_query_returns_empty" time="0.142" /><testcase classname="tests.test_new_features.TestGlobalSearch" name="test_search_matches_deal_name_case_insensitive" time="0.180" /><testcase classname="tests.test_new_features.TestGlobalSearch" name="test_search_matches_target_company" time="0.175" /><testcase classname="tests.test_new_features.TestGlobalSearch" name="test_search_matches_sector" time="0.153" /><testcase classname="tests.test_new_features.TestGlobalSearch" name="test_search_matches_document_filename" time="0.189" /><testcase classname="tests.test_new_features.TestGlobalSearch" name="test_search_isolated_per_user" time="0.177" /><testcase classname="tests.test_new_features.TestGlobalSearch" name="test_search_unauthenticated" time="0.166" /><testcase classname="tests.test_new_features.TestPdfFileEndpoint" name="test_no_token_returns_401" time="0.157" /><testcase classname="tests.test_new_features.TestPdfFileEndpoint" name="test_invalid_token_returns_401" time="0.166" /><testcase classname="tests.test_new_features.TestPdfFileEndpoint" name="test_query_token_returns_pdf" time="0.147" /><testcase classname="tests.test_new_features.TestPdfFileEndpoint" name="test_header_bearer_returns_pdf" time="0.165" /><testcase classname="tests.test_new_features.TestPdfFileEndpoint" name="test_other_user_query_token_404" time="0.160" /><testcase classname="tests.test_new_features.TestPdfFileEndpoint" name="test_other_user_header_404" time="0.168" /><testcase classname="tests.test_new_features.TestRegressionSmoke" name="test_dashboard_stats_still_works" time="0.204" /><testcase classname="tests.test_new_features.TestRegressionSmoke" name="test_list_deals_still_works" time="0.168" /><testcase classname="tests.test_new_features.TestCleanup" name="test_delete_deal_cascades" time="0.317" /><testcase classname="tests.test_orgs_iteration4.TestOrgProvisioning" name="test_signup_auto_provisions_personal_org" time="1.710" /><testcase classname="tests.test_orgs_iteration4.TestOrgProvisioning" name="test_auth_me_has_current_org_id" time="0.171" /><testcase classname="tests.test_orgs_iteration4.TestOrgProvisioning" name="test_list_my_orgs" time="0.174" /><testcase classname="tests.test_orgs_iteration4.TestCrossUserIsolation" name="test_b_cannot_see_a_deal" time="0.987" /><testcase classname="tests.test_orgs_iteration4.TestInvites" name="test_non_owner_cannot_invite" time="0.001" /><testcase classname="tests.test_orgs_iteration4.TestInvites" name="test_invalid_role_400" time="0.157" /><testcase classname="tests.test_orgs_iteration4.TestInvites" name="test_owner_can_invite" time="0.169" /><testcase classname="tests.test_orgs_iteration4.TestInvites" name="test_reinvite_revokes_prior" time="0.309" /><testcase classname="tests.test_orgs_iteration4.TestInvites" name="test_public_get_invite_unauth" time="0.163" /><testcase classname="tests.test_orgs_iteration4.TestInvites" name="test_wrong_email_user_cannot_accept" time="0.153" /><testcase classname="tests.test_orgs_iteration4.TestInvites" name="test_b_accepts_invite" time="0.335" /><testcase classname="tests.test_orgs_iteration4.TestInvites" name="test_accepted_invite_returns_404" time="0.360" /><testcase classname="tests.test_orgs_iteration4.TestInvites" name="test_invite_existing_member_400" time="0.170" /><testcase classname="tests.test_orgs_iteration4.TestInvites" name="test_b_sees_a_deal_after_joining" time="0.154" /><testcase classname="tests.test_orgs_iteration4.TestRoleManagement" name="test_owner_cannot_demote_self" time="0.167" /><testcase classname="tests.test_orgs_iteration4.TestRoleManagement" name="test_owner_can_change_member_role" time="0.202" /><testcase classname="tests.test_orgs_iteration4.TestRoleManagement" name="test_non_owner_cannot_change_role" time="0.182" /><testcase classname="tests.test_orgs_iteration4.TestRoleManagement" name="test_invalid_role_400" time="0.142" /><testcase classname="tests.test_orgs_iteration4.TestRoleManagement" name="test_owner_cannot_remove_self" time="0.159" /><testcase classname="tests.test_orgs_iteration4.TestInviteRevoke" name="test_invite_then_revoke" time="0.489" /><testcase classname="tests.test_orgs_iteration4.TestInviteRevoke" name="test_revoke_nonexistent_404" time="0.146" /><testcase classname="tests.test_orgs_iteration4.TestSwitchOrg" name="test_switch_to_non_member_org_404" time="0.183" /><testcase classname="tests.test_orgs_iteration4.TestSwitchOrg" name="test_b_can_switch_back_to_personal" time="0.691" /><testcase classname="tests.test_orgs_iteration4.TestRemoveMember" name="test_remove_member_falls_back_to_personal" time="0.348" /><testcase classname="tests.test_orgs_iteration4.TestShareExpiryPassword" name="test_share_no_body_no_expiry" time="0.868" /><testcase classname="tests.test_orgs_iteration4.TestShareExpiryPassword" name="test_share_with_expiry_1day" time="0.331" /><testcase classname="tests.test_orgs_iteration4.TestShareExpiryPassword" name="test_share_zero_days_no_expiry" time="0.459" /><testcase classname="tests.test_orgs_iteration4.TestShareExpiryPassword" name="test_share_password_meta_and_unlock" time="2.058" /><testcase classname="tests.test_orgs_iteration4.TestShareExpiryPassword" name="test_share_idempotency_same_settings" time="1.256" /><testcase classname="tests.test_orgs_iteration4.TestShareExpiryPassword" name="test_share_changes_revoke_and_remint" time="0.527" /><testcase classname="tests.test_orgs_iteration4.TestShareExpiryPassword" name="test_expired_share_410" time="0.770" /><testcase classname="tests.test_orgs_iteration4.TestStripeReplay" name="test_invalid_webhook_returns_400" time="0.152" /><testcase classname="tests.test_orgs_iteration4.TestStripeReplay" name="test_stripe_events_collection_exists_or_creatable" time="0.002" /><testcase classname="tests.test_orgs_iteration4.TestRegressionSmoke" name="test_auth_me" time="0.155" /><testcase classname="tests.test_orgs_iteration4.TestRegressionSmoke" name="test_dashboard_stats" time="0.163" /><testcase classname="tests.test_orgs_iteration4.TestRegressionSmoke" name="test_activity_recent" time="0.168" /><testcase classname="tests.test_orgs_iteration4.TestRegressionSmoke" name="test_packages" time="0.149" /><testcase classname="tests.test_orgs_iteration4.TestRegressionSmoke" name="test_search" time="0.173" /><testcase classname="tests.test_orgs_iteration4.TestRegressionSmoke" name="test_settings_update" time="0.174" /><testcase classname="tests.test_orgs_iteration4.TestRegressionSmoke" name="test_login_lazy_migration" time="0.518" /></testsuite></testsuites>