<?xml version="1.0" encoding="utf-8"?><testsuites name="pytest tests"><testsuite name="pytest" errors="0" failures="0" skipped="0" tests="40" time="40.094" timestamp="2026-06-02T15:40:28.263952+00:00" hostname="agent-env-f7b5d136-3a49-426b-8937-3a98ce81f5e2"><testcase classname="backend.tests.test_orgs_iteration4.TestOrgProvisioning" name="test_signup_auto_provisions_personal_org" time="14.594" /><testcase classname="backend.tests.test_orgs_iteration4.TestOrgProvisioning" name="test_auth_me_has_current_org_id" time="0.403" /><testcase classname="backend.tests.test_orgs_iteration4.TestOrgProvisioning" name="test_list_my_orgs" time="0.429" /><testcase classname="backend.tests.test_orgs_iteration4.TestCrossUserIsolation" name="test_b_cannot_see_a_deal" time="2.637" /><testcase classname="backend.tests.test_orgs_iteration4.TestInvites" name="test_non_owner_cannot_invite" time="0.003" /><testcase classname="backend.tests.test_orgs_iteration4.TestInvites" name="test_invalid_role_400" time="0.435" /><testcase classname="backend.tests.test_orgs_iteration4.TestInvites" name="test_owner_can_invite" time="0.386" /><testcase classname="backend.tests.test_orgs_iteration4.TestInvites" name="test_reinvite_revokes_prior" time="0.806" /><testcase classname="backend.tests.test_orgs_iteration4.TestInvites" name="test_public_get_invite_unauth" time="0.442" /><testcase classname="backend.tests.test_orgs_iteration4.TestInvites" name="test_wrong_email_user_cannot_accept" time="0.418" /><testcase classname="backend.tests.test_orgs_iteration4.TestInvites" name="test_b_accepts_invite" time="0.901" /><testcase classname="backend.tests.test_orgs_iteration4.TestInvites" name="test_accepted_invite_returns_404" time="0.912" /><testcase classname="backend.tests.test_orgs_iteration4.TestInvites" name="test_invite_existing_member_400" time="0.373" /><testcase classname="backend.tests.test_orgs_iteration4.TestInvites" name="test_b_sees_a_deal_after_joining" time="0.218" /><testcase classname="backend.tests.test_orgs_iteration4.TestRoleManagement" name="test_owner_cannot_demote_self" time="0.155" /><testcase classname="backend.tests.test_orgs_iteration4.TestRoleManagement" name="test_owner_can_change_member_role" time="0.235" /><testcase classname="backend.tests.test_orgs_iteration4.TestRoleManagement" name="test_non_owner_cannot_change_role" time="0.208" /><testcase classname="backend.tests.test_orgs_iteration4.TestRoleManagement" name="test_invalid_role_400" time="0.171" /><testcase classname="backend.tests.test_orgs_iteration4.TestRoleManagement" name="test_owner_cannot_remove_self" time="0.216" /><testcase classname="backend.tests.test_orgs_iteration4.TestInviteRevoke" name="test_invite_then_revoke" time="0.550" /><testcase classname="backend.tests.test_orgs_iteration4.TestInviteRevoke" name="test_revoke_nonexistent_404" time="0.154" /><testcase classname="backend.tests.test_orgs_iteration4.TestSwitchOrg" name="test_switch_to_non_member_org_404" time="0.135" /><testcase classname="backend.tests.test_orgs_iteration4.TestSwitchOrg" name="test_b_can_switch_back_to_personal" time="0.609" /><testcase classname="backend.tests.test_orgs_iteration4.TestRemoveMember" name="test_remove_member_falls_back_to_personal" time="0.438" /><testcase classname="backend.tests.test_orgs_iteration4.TestShareExpiryPassword" name="test_share_no_body_no_expiry" time="2.837" /><testcase classname="backend.tests.test_orgs_iteration4.TestShareExpiryPassword" name="test_share_with_expiry_1day" time="0.420" /><testcase classname="backend.tests.test_orgs_iteration4.TestShareExpiryPassword" name="test_share_zero_days_no_expiry" time="0.550" /><testcase classname="backend.tests.test_orgs_iteration4.TestShareExpiryPassword" name="test_share_password_meta_and_unlock" time="2.479" /><testcase classname="backend.tests.test_orgs_iteration4.TestShareExpiryPassword" name="test_share_idempotency_same_settings" time="1.413" /><testcase classname="backend.tests.test_orgs_iteration4.TestShareExpiryPassword" name="test_share_changes_revoke_and_remint" time="0.660" /><testcase classname="backend.tests.test_orgs_iteration4.TestShareExpiryPassword" name="test_expired_share_410" time="0.621" /><testcase classname="backend.tests.test_orgs_iteration4.TestStripeReplay" name="test_invalid_webhook_returns_400" time="0.201" /><testcase classname="backend.tests.test_orgs_iteration4.TestStripeReplay" name="test_stripe_events_collection_exists_or_creatable" time="0.002" /><testcase classname="backend.tests.test_orgs_iteration4.TestRegressionSmoke" name="test_auth_me" time="0.162" /><testcase classname="backend.tests.test_orgs_iteration4.TestRegressionSmoke" name="test_dashboard_stats" time="0.183" /><testcase classname="backend.tests.test_orgs_iteration4.TestRegressionSmoke" name="test_activity_recent" time="0.154" /><testcase classname="backend.tests.test_orgs_iteration4.TestRegressionSmoke" name="test_packages" time="0.142" /><testcase classname="backend.tests.test_orgs_iteration4.TestRegressionSmoke" name="test_search" time="0.140" /><testcase classname="backend.tests.test_orgs_iteration4.TestRegressionSmoke" name="test_settings_update" time="0.144" /><testcase classname="backend.tests.test_orgs_iteration4.TestRegressionSmoke" name="test_login_lazy_migration" time="0.557" /></testsuite></testsuites>