<?xml version="1.0" encoding="utf-8"?><testsuites name="pytest tests"><testsuite name="pytest" errors="0" failures="0" skipped="0" tests="158" time="159.959" timestamp="2026-06-02T15:56:31.444734+00:00" hostname="agent-env-f7b5d136-3a49-426b-8937-3a98ce81f5e2"><testcase classname="backend.tests.backend_test.TestHealth" name="test_root" time="0.198" /><testcase classname="backend.tests.backend_test.TestAuth" name="test_signup_user_a" time="0.537" /><testcase classname="backend.tests.backend_test.TestAuth" name="test_signup_user_b" time="0.551" /><testcase classname="backend.tests.backend_test.TestAuth" name="test_signup_duplicate_returns_400" time="0.182" /><testcase classname="backend.tests.backend_test.TestAuth" name="test_login_valid" time="0.559" /><testcase classname="backend.tests.backend_test.TestAuth" name="test_login_invalid_password" time="0.515" /><testcase classname="backend.tests.backend_test.TestAuth" name="test_login_unknown_user" time="0.179" /><testcase classname="backend.tests.backend_test.TestAuth" name="test_me_with_token" time="0.180" /><testcase classname="backend.tests.backend_test.TestAuth" name="test_me_without_token" time="0.191" /><testcase classname="backend.tests.backend_test.TestAuth" name="test_me_with_bad_token" time="0.173" /><testcase classname="backend.tests.backend_test.TestDeals" name="test_create_deal" time="0.175" /><testcase classname="backend.tests.backend_test.TestDeals" name="test_create_deal_requires_auth" time="0.171" /><testcase classname="backend.tests.backend_test.TestDeals" name="test_list_deals_only_for_user" time="0.367" /><testcase classname="backend.tests.backend_test.TestDeals" name="test_get_deal_returns_counts" time="0.184" /><testcase classname="backend.tests.backend_test.TestDeals" name="test_get_deal_unauthorized_user_404" time="0.187" /><testcase classname="backend.tests.backend_test.TestDocuments" name="test_upload_pdf_and_extract" time="0.301" /><testcase classname="backend.tests.backend_test.TestDocuments" name="test_reject_non_pdf" time="0.169" /><testcase classname="backend.tests.backend_test.TestDocuments" name="test_upload_unauthorized_deal_404" time="0.170" /><testcase classname="backend.tests.backend_test.TestDocuments" name="test_list_documents" time="0.217" /><testcase classname="backend.tests.backend_test.TestDocuments" name="test_list_documents_other_user_blocked" time="0.157" /><testcase classname="backend.tests.backend_test.TestDocuments" name="test_get_document_other_user_blocked" time="0.182" /><testcase classname="backend.tests.backend_test.TestDocuments" name="test_extraction_completes_or_fails_with_message" time="6.547" /><testcase classname="backend.tests.backend_test.TestDashboardAndActivity" name="test_dashboard_stats" time="0.203" /><testcase classname="backend.tests.backend_test.TestDashboardAndActivity" name="test_recent_activity" time="0.169" /><testcase classname="backend.tests.backend_test.TestDeletionAndAuthz" name="test_delete_deal_blocked_for_other_user" time="0.178" /><testcase classname="backend.tests.backend_test.TestDeletionAndAuthz" name="test_delete_deal_cascades_documents" time="0.627" /><testcase classname="backend.tests.test_billing_share_slack.TestSetup" name="test_signup_user_a" time="0.557" /><testcase classname="backend.tests.test_billing_share_slack.TestSetup" name="test_signup_user_b" time="0.556" /><testcase classname="backend.tests.test_billing_share_slack.TestSetup" name="test_create_deal_under_a" time="0.180" /><testcase classname="backend.tests.test_billing_share_slack.TestSetup" name="test_create_deal_under_b" time="0.190" /><testcase classname="backend.tests.test_billing_share_slack.TestPackages" name="test_list_packages_shape" time="0.196" /><testcase classname="backend.tests.test_billing_share_slack.TestCheckoutSession" name="test_unknown_package_400" time="0.203" /><testcase classname="backend.tests.test_billing_share_slack.TestCheckoutSession" name="test_create_checkout_session_monthly" time="0.939" /><testcase classname="backend.tests.test_billing_share_slack.TestCheckoutSession" name="test_unauthenticated_blocked" time="0.155" /><testcase classname="backend.tests.test_billing_share_slack.TestCheckoutStatus" name="test_status_for_own_session" time="0.450" /><testcase classname="backend.tests.test_billing_share_slack.TestCheckoutStatus" name="test_status_other_user_404" time="0.158" /><testcase classname="backend.tests.test_billing_share_slack.TestCheckoutStatus" name="test_status_unknown_session_404" time="0.185" /><testcase classname="backend.tests.test_billing_share_slack.TestStripeWebhook" name="test_invalid_webhook_returns_400_not_500" time="0.207" /><testcase classname="backend.tests.test_billing_share_slack.TestStripeWebhook" name="test_missing_signature_returns_400" time="0.197" /><testcase classname="backend.tests.test_billing_share_slack.TestSettings" name="test_set_valid_slack_webhook" time="0.184" /><testcase classname="backend.tests.test_billing_share_slack.TestSettings" name="test_persisted_via_me" time="0.187" /><testcase classname="backend.tests.test_billing_share_slack.TestSettings" name="test_reject_non_slack_url" time="0.176" /><testcase classname="backend.tests.test_billing_share_slack.TestSettings" name="test_empty_string_clears" time="0.180" /><testcase classname="backend.tests.test_billing_share_slack.TestSettings" name="test_unauthenticated_blocked" time="0.161" /><testcase classname="backend.tests.test_billing_share_slack.TestUploadAndRollup" name="test_upload_pdf" time="0.180" /><testcase classname="backend.tests.test_billing_share_slack.TestUploadAndRollup" name="test_wait_extraction" time="9.784" /><testcase classname="backend.tests.test_billing_share_slack.TestUploadAndRollup" name="test_share_before_rollup_400" time="0.193" /><testcase classname="backend.tests.test_billing_share_slack.TestUploadAndRollup" name="test_generate_rollup" time="8.912" /><testcase classname="backend.tests.test_billing_share_slack.TestShareLifecycle" name="test_get_share_when_none" time="0.197" /><testcase classname="backend.tests.test_billing_share_slack.TestShareLifecycle" name="test_create_share" time="0.179" /><testcase classname="backend.tests.test_billing_share_slack.TestShareLifecycle" name="test_create_share_idempotent" time="0.149" /><testcase classname="backend.tests.test_billing_share_slack.TestShareLifecycle" name="test_get_share_after_create" time="0.184" /><testcase classname="backend.tests.test_billing_share_slack.TestShareLifecycle" name="test_view_share_no_auth_required" time="0.211" /><testcase classname="backend.tests.test_billing_share_slack.TestShareLifecycle" name="test_view_count_increments" time="0.324" /><testcase classname="backend.tests.test_billing_share_slack.TestShareLifecycle" name="test_view_unknown_token_404" time="0.150" /><testcase classname="backend.tests.test_billing_share_slack.TestShareLifecycle" name="test_cross_user_get_share_returns_none" time="0.160" /><testcase classname="backend.tests.test_billing_share_slack.TestShareLifecycle" name="test_cross_user_revoke_404" time="0.151" /><testcase classname="backend.tests.test_billing_share_slack.TestShareLifecycle" name="test_share_token_still_works_after_cross_user_revoke_attempt" time="0.180" /><testcase classname="backend.tests.test_billing_share_slack.TestShareLifecycle" name="test_revoke_by_owner" time="0.176" /><testcase classname="backend.tests.test_billing_share_slack.TestShareLifecycle" name="test_view_after_revoke_404" time="0.168" /><testcase classname="backend.tests.test_billing_share_slack.TestShareLifecycle" name="test_create_new_share_after_revoke" time="0.166" /><testcase classname="backend.tests.test_billing_share_slack.TestRegressionSmoke" name="test_dashboard" time="0.179" /><testcase classname="backend.tests.test_billing_share_slack.TestRegressionSmoke" name="test_export_csv" time="0.157" /><testcase classname="backend.tests.test_billing_share_slack.TestRegressionSmoke" name="test_document_file_header_auth" time="0.153" /><testcase classname="backend.tests.test_billing_share_slack.TestRegressionSmoke" name="test_document_file_query_token" time="0.155" /><testcase classname="backend.tests.test_billing_share_slack.TestCleanup" name="test_delete_deals" time="0.326" /><testcase classname="backend.tests.test_iteration5_orgscoping.TestRecentActivityAfterUpload" name="test_upload_and_recent_for_uploader" time="2.354" /><testcase classname="backend.tests.test_iteration5_orgscoping.TestRecentActivityAfterUpload" name="test_recent_for_org_member_b" time="0.173" /><testcase classname="backend.tests.test_iteration5_orgscoping.TestMultiSeatAccess" name="test_b_can_get_document" time="0.160" /><testcase classname="backend.tests.test_iteration5_orgscoping.TestMultiSeatAccess" name="test_b_can_get_document_file" time="0.153" /><testcase classname="backend.tests.test_iteration5_orgscoping.TestMultiSeatAccess" name="test_b_can_get_rollup" time="34.135" /><testcase classname="backend.tests.test_iteration5_orgscoping.TestMultiSeatAccess" name="test_b_dashboard_counts_shared" time="0.167" /><testcase classname="backend.tests.test_iteration5_orgscoping.TestMultiSeatAccess" name="test_b_search_finds_org_content" time="0.170" /><testcase classname="backend.tests.test_iteration5_orgscoping.TestMultiSeatAccess" name="test_b_can_delete_separate_document" time="0.589" /><testcase classname="backend.tests.test_iteration5_orgscoping.TestCrossOrgIsolation" name="test_c_get_document_404" time="0.210" /><testcase classname="backend.tests.test_iteration5_orgscoping.TestCrossOrgIsolation" name="test_c_get_document_file_404" time="0.185" /><testcase classname="backend.tests.test_iteration5_orgscoping.TestCrossOrgIsolation" name="test_c_delete_document_404" time="0.202" /><testcase classname="backend.tests.test_iteration5_orgscoping.TestCrossOrgIsolation" name="test_c_rollup_404" time="0.226" /><testcase classname="backend.tests.test_iteration5_orgscoping.TestCrossOrgIsolation" name="test_c_search_does_not_see_org_content" time="0.188" /><testcase classname="backend.tests.test_iteration5_orgscoping.TestCrossOrgIsolation" name="test_c_recent_does_not_see_org_doc" time="0.202" /><testcase classname="backend.tests.test_iteration5_orgscoping.TestLegacyDocBackfill" name="test_legacy_doc_gets_backfilled_org_id" time="0.201" /><testcase classname="backend.tests.test_iteration5_orgscoping.TestLegacyDocBackfill" name="test_legacy_doc_accessible_after_backfill_by_org_member" time="0.178" /><testcase classname="backend.tests.test_iteration5_orgscoping.TestSelfInviteGuard" name="test_self_invite_returns_400" time="0.187" /><testcase classname="backend.tests.test_iteration5_orgscoping.TestSelfInviteGuard" name="test_self_invite_case_insensitive" time="0.207" /><testcase classname="backend.tests.test_new_features.TestSetup" name="test_signup_user_a" time="0.545" /><testcase classname="backend.tests.test_new_features.TestSetup" name="test_signup_user_b" time="0.573" /><testcase classname="backend.tests.test_new_features.TestSetup" name="test_create_deal" time="0.199" /><testcase classname="backend.tests.test_new_features.TestSetup" name="test_create_unrelated_deal_for_user_b" time="0.210" /><testcase classname="backend.tests.test_new_features.TestCsvExportEmpty" name="test_export_csv_headers_only_no_docs" time="0.203" /><testcase classname="backend.tests.test_new_features.TestCsvExportEmpty" name="test_export_csv_unauthorized" time="0.175" /><testcase classname="backend.tests.test_new_features.TestCsvExportEmpty" name="test_export_csv_other_user_404" time="0.197" /><testcase classname="backend.tests.test_new_features.TestCsvExportEmpty" name="test_export_csv_nonexistent_deal" time="0.194" /><testcase classname="backend.tests.test_new_features.TestRollupEmpty" name="test_rollup_get_when_never_generated" time="0.213" /><testcase classname="backend.tests.test_new_features.TestRollupEmpty" name="test_rollup_post_with_no_completed_docs_400" time="0.186" /><testcase classname="backend.tests.test_new_features.TestUploadAndExtract" name="test_upload_pdf" time="0.186" /><testcase classname="backend.tests.test_new_features.TestUploadAndExtract" name="test_wait_extraction_completes" time="6.607" /><testcase classname="backend.tests.test_new_features.TestCsvExportPopulated" name="test_csv_contains_extracted_rows" time="0.184" /><testcase classname="backend.tests.test_new_features.TestRollupGeneration" name="test_post_rollup_generates" time="6.718" /><testcase classname="backend.tests.test_new_features.TestRollupGeneration" name="test_get_rollup_returns_cached" time="7.472" /><testcase classname="backend.tests.test_new_features.TestRollupGeneration" name="test_rollup_other_user_404" time="15.567" /><testcase classname="backend.tests.test_new_features.TestRollupGeneration" name="test_rollup_unauthenticated" time="0.216" /><testcase classname="backend.tests.test_new_features.TestGlobalSearch" name="test_search_short_query_returns_empty" time="0.162" /><testcase classname="backend.tests.test_new_features.TestGlobalSearch" name="test_search_empty_query_returns_empty" time="0.184" /><testcase classname="backend.tests.test_new_features.TestGlobalSearch" name="test_search_matches_deal_name_case_insensitive" time="0.206" /><testcase classname="backend.tests.test_new_features.TestGlobalSearch" name="test_search_matches_target_company" time="0.203" /><testcase classname="backend.tests.test_new_features.TestGlobalSearch" name="test_search_matches_sector" time="0.190" /><testcase classname="backend.tests.test_new_features.TestGlobalSearch" name="test_search_matches_document_filename" time="0.186" /><testcase classname="backend.tests.test_new_features.TestGlobalSearch" name="test_search_isolated_per_user" time="0.190" /><testcase classname="backend.tests.test_new_features.TestGlobalSearch" name="test_search_unauthenticated" time="0.192" /><testcase classname="backend.tests.test_new_features.TestPdfFileEndpoint" name="test_no_token_returns_401" time="0.167" /><testcase classname="backend.tests.test_new_features.TestPdfFileEndpoint" name="test_invalid_token_returns_401" time="0.210" /><testcase classname="backend.tests.test_new_features.TestPdfFileEndpoint" name="test_query_token_returns_pdf" time="0.179" /><testcase classname="backend.tests.test_new_features.TestPdfFileEndpoint" name="test_header_bearer_returns_pdf" time="19.948" /><testcase classname="backend.tests.test_new_features.TestPdfFileEndpoint" name="test_other_user_query_token_404" time="0.352" /><testcase classname="backend.tests.test_new_features.TestPdfFileEndpoint" name="test_other_user_header_404" time="0.161" /><testcase classname="backend.tests.test_new_features.TestRegressionSmoke" name="test_dashboard_stats_still_works" time="0.174" /><testcase classname="backend.tests.test_new_features.TestRegressionSmoke" name="test_list_deals_still_works" time="0.145" /><testcase classname="backend.tests.test_new_features.TestCleanup" name="test_delete_deal_cascades" time="0.316" /><testcase classname="backend.tests.test_orgs_iteration4.TestOrgProvisioning" name="test_signup_auto_provisions_personal_org" time="1.690" /><testcase classname="backend.tests.test_orgs_iteration4.TestOrgProvisioning" name="test_auth_me_has_current_org_id" time="0.186" /><testcase classname="backend.tests.test_orgs_iteration4.TestOrgProvisioning" name="test_list_my_orgs" time="0.187" /><testcase classname="backend.tests.test_orgs_iteration4.TestCrossUserIsolation" name="test_b_cannot_see_a_deal" time="1.026" /><testcase classname="backend.tests.test_orgs_iteration4.TestInvites" name="test_non_owner_cannot_invite" time="0.001" /><testcase classname="backend.tests.test_orgs_iteration4.TestInvites" name="test_invalid_role_400" time="0.158" /><testcase classname="backend.tests.test_orgs_iteration4.TestInvites" name="test_owner_can_invite" time="0.181" /><testcase classname="backend.tests.test_orgs_iteration4.TestInvites" name="test_reinvite_revokes_prior" time="0.329" /><testcase classname="backend.tests.test_orgs_iteration4.TestInvites" name="test_public_get_invite_unauth" time="0.162" /><testcase classname="backend.tests.test_orgs_iteration4.TestInvites" name="test_wrong_email_user_cannot_accept" time="0.198" /><testcase classname="backend.tests.test_orgs_iteration4.TestInvites" name="test_b_accepts_invite" time="0.371" /><testcase classname="backend.tests.test_orgs_iteration4.TestInvites" name="test_accepted_invite_returns_404" time="0.315" /><testcase classname="backend.tests.test_orgs_iteration4.TestInvites" name="test_invite_existing_member_400" time="0.229" /><testcase classname="backend.tests.test_orgs_iteration4.TestInvites" name="test_b_sees_a_deal_after_joining" time="0.175" /><testcase classname="backend.tests.test_orgs_iteration4.TestRoleManagement" name="test_owner_cannot_demote_self" time="0.172" /><testcase classname="backend.tests.test_orgs_iteration4.TestRoleManagement" name="test_owner_can_change_member_role" time="0.170" /><testcase classname="backend.tests.test_orgs_iteration4.TestRoleManagement" name="test_non_owner_cannot_change_role" time="0.171" /><testcase classname="backend.tests.test_orgs_iteration4.TestRoleManagement" name="test_invalid_role_400" time="0.232" /><testcase classname="backend.tests.test_orgs_iteration4.TestRoleManagement" name="test_owner_cannot_remove_self" time="0.189" /><testcase classname="backend.tests.test_orgs_iteration4.TestInviteRevoke" name="test_invite_then_revoke" time="0.518" /><testcase classname="backend.tests.test_orgs_iteration4.TestInviteRevoke" name="test_revoke_nonexistent_404" time="0.192" /><testcase classname="backend.tests.test_orgs_iteration4.TestSwitchOrg" name="test_switch_to_non_member_org_404" time="0.168" /><testcase classname="backend.tests.test_orgs_iteration4.TestSwitchOrg" name="test_b_can_switch_back_to_personal" time="0.652" /><testcase classname="backend.tests.test_orgs_iteration4.TestRemoveMember" name="test_remove_member_falls_back_to_personal" time="0.322" /><testcase classname="backend.tests.test_orgs_iteration4.TestShareExpiryPassword" name="test_share_no_body_no_expiry" time="0.855" /><testcase classname="backend.tests.test_orgs_iteration4.TestShareExpiryPassword" name="test_share_with_expiry_1day" time="0.375" /><testcase classname="backend.tests.test_orgs_iteration4.TestShareExpiryPassword" name="test_share_zero_days_no_expiry" time="0.318" /><testcase classname="backend.tests.test_orgs_iteration4.TestShareExpiryPassword" name="test_share_password_meta_and_unlock" time="2.055" /><testcase classname="backend.tests.test_orgs_iteration4.TestShareExpiryPassword" name="test_share_idempotency_same_settings" time="1.208" /><testcase classname="backend.tests.test_orgs_iteration4.TestShareExpiryPassword" name="test_share_changes_revoke_and_remint" time="0.521" /><testcase classname="backend.tests.test_orgs_iteration4.TestShareExpiryPassword" name="test_expired_share_410" time="0.656" /><testcase classname="backend.tests.test_orgs_iteration4.TestStripeReplay" name="test_invalid_webhook_returns_400" time="0.158" /><testcase classname="backend.tests.test_orgs_iteration4.TestStripeReplay" name="test_stripe_events_collection_exists_or_creatable" time="0.002" /><testcase classname="backend.tests.test_orgs_iteration4.TestRegressionSmoke" name="test_auth_me" time="0.188" /><testcase classname="backend.tests.test_orgs_iteration4.TestRegressionSmoke" name="test_dashboard_stats" time="0.186" /><testcase classname="backend.tests.test_orgs_iteration4.TestRegressionSmoke" name="test_activity_recent" time="0.169" /><testcase classname="backend.tests.test_orgs_iteration4.TestRegressionSmoke" name="test_packages" time="0.135" /><testcase classname="backend.tests.test_orgs_iteration4.TestRegressionSmoke" name="test_search" time="0.168" /><testcase classname="backend.tests.test_orgs_iteration4.TestRegressionSmoke" name="test_settings_update" time="0.161" /><testcase classname="backend.tests.test_orgs_iteration4.TestRegressionSmoke" name="test_login_lazy_migration" time="0.527" /></testsuite></testsuites>