<?xml version="1.0" encoding="utf-8"?><testsuites name="pytest tests"><testsuite name="pytest" errors="0" failures="0" skipped="0" tests="140" time="106.267" timestamp="2026-06-02T15:50:05.624424+00:00" hostname="agent-env-f7b5d136-3a49-426b-8937-3a98ce81f5e2"><testcase classname="backend.tests.backend_test.TestHealth" name="test_root" time="0.520" /><testcase classname="backend.tests.backend_test.TestAuth" name="test_signup_user_a" time="1.047" /><testcase classname="backend.tests.backend_test.TestAuth" name="test_signup_user_b" time="1.167" /><testcase classname="backend.tests.backend_test.TestAuth" name="test_signup_duplicate_returns_400" time="0.322" /><testcase classname="backend.tests.backend_test.TestAuth" name="test_login_valid" time="0.870" /><testcase classname="backend.tests.backend_test.TestAuth" name="test_login_invalid_password" time="0.998" /><testcase classname="backend.tests.backend_test.TestAuth" name="test_login_unknown_user" time="0.398" /><testcase classname="backend.tests.backend_test.TestAuth" name="test_me_with_token" time="0.428" /><testcase classname="backend.tests.backend_test.TestAuth" name="test_me_without_token" time="0.314" /><testcase classname="backend.tests.backend_test.TestAuth" name="test_me_with_bad_token" time="0.369" /><testcase classname="backend.tests.backend_test.TestDeals" name="test_create_deal" time="0.426" /><testcase classname="backend.tests.backend_test.TestDeals" name="test_create_deal_requires_auth" time="0.393" /><testcase classname="backend.tests.backend_test.TestDeals" name="test_list_deals_only_for_user" time="0.677" /><testcase classname="backend.tests.backend_test.TestDeals" name="test_get_deal_returns_counts" time="0.312" /><testcase classname="backend.tests.backend_test.TestDeals" name="test_get_deal_unauthorized_user_404" time="0.441" /><testcase classname="backend.tests.backend_test.TestDocuments" name="test_upload_pdf_and_extract" time="0.560" /><testcase classname="backend.tests.backend_test.TestDocuments" name="test_reject_non_pdf" time="0.378" /><testcase classname="backend.tests.backend_test.TestDocuments" name="test_upload_unauthorized_deal_404" time="0.484" /><testcase classname="backend.tests.backend_test.TestDocuments" name="test_list_documents" time="0.403" /><testcase classname="backend.tests.backend_test.TestDocuments" name="test_list_documents_other_user_blocked" time="0.547" /><testcase classname="backend.tests.backend_test.TestDocuments" name="test_get_document_other_user_blocked" time="0.590" /><testcase classname="backend.tests.backend_test.TestDocuments" name="test_extraction_completes_or_fails_with_message" time="3.752" /><testcase classname="backend.tests.backend_test.TestDashboardAndActivity" name="test_dashboard_stats" time="0.384" /><testcase classname="backend.tests.backend_test.TestDashboardAndActivity" name="test_recent_activity" time="0.419" /><testcase classname="backend.tests.backend_test.TestDeletionAndAuthz" name="test_delete_deal_blocked_for_other_user" time="0.469" /><testcase classname="backend.tests.backend_test.TestDeletionAndAuthz" name="test_delete_deal_cascades_documents" time="1.362" /><testcase classname="backend.tests.test_billing_share_slack.TestSetup" name="test_signup_user_a" time="1.203" /><testcase classname="backend.tests.test_billing_share_slack.TestSetup" name="test_signup_user_b" time="1.117" /><testcase classname="backend.tests.test_billing_share_slack.TestSetup" name="test_create_deal_under_a" time="0.330" /><testcase classname="backend.tests.test_billing_share_slack.TestSetup" name="test_create_deal_under_b" time="0.478" /><testcase classname="backend.tests.test_billing_share_slack.TestPackages" name="test_list_packages_shape" time="0.386" /><testcase classname="backend.tests.test_billing_share_slack.TestCheckoutSession" name="test_unknown_package_400" time="0.399" /><testcase classname="backend.tests.test_billing_share_slack.TestCheckoutSession" name="test_create_checkout_session_monthly" time="1.823" /><testcase classname="backend.tests.test_billing_share_slack.TestCheckoutSession" name="test_unauthenticated_blocked" time="0.400" /><testcase classname="backend.tests.test_billing_share_slack.TestCheckoutStatus" name="test_status_for_own_session" time="0.635" /><testcase classname="backend.tests.test_billing_share_slack.TestCheckoutStatus" name="test_status_other_user_404" time="0.423" /><testcase classname="backend.tests.test_billing_share_slack.TestCheckoutStatus" name="test_status_unknown_session_404" time="0.275" /><testcase classname="backend.tests.test_billing_share_slack.TestStripeWebhook" name="test_invalid_webhook_returns_400_not_500" time="0.320" /><testcase classname="backend.tests.test_billing_share_slack.TestStripeWebhook" name="test_missing_signature_returns_400" time="0.397" /><testcase classname="backend.tests.test_billing_share_slack.TestSettings" name="test_set_valid_slack_webhook" time="0.297" /><testcase classname="backend.tests.test_billing_share_slack.TestSettings" name="test_persisted_via_me" time="0.245" /><testcase classname="backend.tests.test_billing_share_slack.TestSettings" name="test_reject_non_slack_url" time="0.194" /><testcase classname="backend.tests.test_billing_share_slack.TestSettings" name="test_empty_string_clears" time="0.226" /><testcase classname="backend.tests.test_billing_share_slack.TestSettings" name="test_unauthenticated_blocked" time="0.228" /><testcase classname="backend.tests.test_billing_share_slack.TestUploadAndRollup" name="test_upload_pdf" time="0.324" /><testcase classname="backend.tests.test_billing_share_slack.TestUploadAndRollup" name="test_wait_extraction" time="10.472" /><testcase classname="backend.tests.test_billing_share_slack.TestUploadAndRollup" name="test_share_before_rollup_400" time="0.428" /><testcase classname="backend.tests.test_billing_share_slack.TestUploadAndRollup" name="test_generate_rollup" time="9.765" /><testcase classname="backend.tests.test_billing_share_slack.TestShareLifecycle" name="test_get_share_when_none" time="0.336" /><testcase classname="backend.tests.test_billing_share_slack.TestShareLifecycle" name="test_create_share" time="0.286" /><testcase classname="backend.tests.test_billing_share_slack.TestShareLifecycle" name="test_create_share_idempotent" time="0.307" /><testcase classname="backend.tests.test_billing_share_slack.TestShareLifecycle" name="test_get_share_after_create" time="0.331" /><testcase classname="backend.tests.test_billing_share_slack.TestShareLifecycle" name="test_view_share_no_auth_required" time="0.323" /><testcase classname="backend.tests.test_billing_share_slack.TestShareLifecycle" name="test_view_count_increments" time="0.481" /><testcase classname="backend.tests.test_billing_share_slack.TestShareLifecycle" name="test_view_unknown_token_404" time="0.233" /><testcase classname="backend.tests.test_billing_share_slack.TestShareLifecycle" name="test_cross_user_get_share_returns_none" time="0.279" /><testcase classname="backend.tests.test_billing_share_slack.TestShareLifecycle" name="test_cross_user_revoke_404" time="0.301" /><testcase classname="backend.tests.test_billing_share_slack.TestShareLifecycle" name="test_share_token_still_works_after_cross_user_revoke_attempt" time="0.233" /><testcase classname="backend.tests.test_billing_share_slack.TestShareLifecycle" name="test_revoke_by_owner" time="0.249" /><testcase classname="backend.tests.test_billing_share_slack.TestShareLifecycle" name="test_view_after_revoke_404" time="0.325" /><testcase classname="backend.tests.test_billing_share_slack.TestShareLifecycle" name="test_create_new_share_after_revoke" time="0.308" /><testcase classname="backend.tests.test_billing_share_slack.TestRegressionSmoke" name="test_dashboard" time="0.273" /><testcase classname="backend.tests.test_billing_share_slack.TestRegressionSmoke" name="test_export_csv" time="0.340" /><testcase classname="backend.tests.test_billing_share_slack.TestRegressionSmoke" name="test_document_file_header_auth" time="0.331" /><testcase classname="backend.tests.test_billing_share_slack.TestRegressionSmoke" name="test_document_file_query_token" time="0.259" /><testcase classname="backend.tests.test_billing_share_slack.TestCleanup" name="test_delete_deals" time="0.703" /><testcase classname="backend.tests.test_new_features.TestSetup" name="test_signup_user_a" time="0.796" /><testcase classname="backend.tests.test_new_features.TestSetup" name="test_signup_user_b" time="0.702" /><testcase classname="backend.tests.test_new_features.TestSetup" name="test_create_deal" time="0.300" /><testcase classname="backend.tests.test_new_features.TestSetup" name="test_create_unrelated_deal_for_user_b" time="0.300" /><testcase classname="backend.tests.test_new_features.TestCsvExportEmpty" name="test_export_csv_headers_only_no_docs" time="0.326" /><testcase classname="backend.tests.test_new_features.TestCsvExportEmpty" name="test_export_csv_unauthorized" time="0.257" /><testcase classname="backend.tests.test_new_features.TestCsvExportEmpty" name="test_export_csv_other_user_404" time="0.298" /><testcase classname="backend.tests.test_new_features.TestCsvExportEmpty" name="test_export_csv_nonexistent_deal" time="0.252" /><testcase classname="backend.tests.test_new_features.TestRollupEmpty" name="test_rollup_get_when_never_generated" time="0.247" /><testcase classname="backend.tests.test_new_features.TestRollupEmpty" name="test_rollup_post_with_no_completed_docs_400" time="0.252" /><testcase classname="backend.tests.test_new_features.TestUploadAndExtract" name="test_upload_pdf" time="0.257" /><testcase classname="backend.tests.test_new_features.TestUploadAndExtract" name="test_wait_extraction_completes" time="10.033" /><testcase classname="backend.tests.test_new_features.TestCsvExportPopulated" name="test_csv_contains_extracted_rows" time="0.230" /><testcase classname="backend.tests.test_new_features.TestRollupGeneration" name="test_post_rollup_generates" time="8.721" /><testcase classname="backend.tests.test_new_features.TestRollupGeneration" name="test_get_rollup_returns_cached" time="0.294" /><testcase classname="backend.tests.test_new_features.TestRollupGeneration" name="test_rollup_other_user_404" time="0.464" /><testcase classname="backend.tests.test_new_features.TestRollupGeneration" name="test_rollup_unauthenticated" time="0.199" /><testcase classname="backend.tests.test_new_features.TestGlobalSearch" name="test_search_short_query_returns_empty" time="0.225" /><testcase classname="backend.tests.test_new_features.TestGlobalSearch" name="test_search_empty_query_returns_empty" time="0.209" /><testcase classname="backend.tests.test_new_features.TestGlobalSearch" name="test_search_matches_deal_name_case_insensitive" time="0.214" /><testcase classname="backend.tests.test_new_features.TestGlobalSearch" name="test_search_matches_target_company" time="0.251" /><testcase classname="backend.tests.test_new_features.TestGlobalSearch" name="test_search_matches_sector" time="0.245" /><testcase classname="backend.tests.test_new_features.TestGlobalSearch" name="test_search_matches_document_filename" time="0.215" /><testcase classname="backend.tests.test_new_features.TestGlobalSearch" name="test_search_isolated_per_user" time="0.328" /><testcase classname="backend.tests.test_new_features.TestGlobalSearch" name="test_search_unauthenticated" time="0.215" /><testcase classname="backend.tests.test_new_features.TestPdfFileEndpoint" name="test_no_token_returns_401" time="0.223" /><testcase classname="backend.tests.test_new_features.TestPdfFileEndpoint" name="test_invalid_token_returns_401" time="0.203" /><testcase classname="backend.tests.test_new_features.TestPdfFileEndpoint" name="test_query_token_returns_pdf" time="0.246" /><testcase classname="backend.tests.test_new_features.TestPdfFileEndpoint" name="test_header_bearer_returns_pdf" time="0.213" /><testcase classname="backend.tests.test_new_features.TestPdfFileEndpoint" name="test_other_user_query_token_404" time="0.194" /><testcase classname="backend.tests.test_new_features.TestPdfFileEndpoint" name="test_other_user_header_404" time="0.205" /><testcase classname="backend.tests.test_new_features.TestRegressionSmoke" name="test_dashboard_stats_still_works" time="0.214" /><testcase classname="backend.tests.test_new_features.TestRegressionSmoke" name="test_list_deals_still_works" time="0.548" /><testcase classname="backend.tests.test_new_features.TestCleanup" name="test_delete_deal_cascades" time="0.497" /><testcase classname="backend.tests.test_orgs_iteration4.TestOrgProvisioning" name="test_signup_auto_provisions_personal_org" time="2.079" /><testcase classname="backend.tests.test_orgs_iteration4.TestOrgProvisioning" name="test_auth_me_has_current_org_id" time="0.558" /><testcase classname="backend.tests.test_orgs_iteration4.TestOrgProvisioning" name="test_list_my_orgs" time="0.200" /><testcase classname="backend.tests.test_orgs_iteration4.TestCrossUserIsolation" name="test_b_cannot_see_a_deal" time="1.277" /><testcase classname="backend.tests.test_orgs_iteration4.TestInvites" name="test_non_owner_cannot_invite" time="0.001" /><testcase classname="backend.tests.test_orgs_iteration4.TestInvites" name="test_invalid_role_400" time="0.246" /><testcase classname="backend.tests.test_orgs_iteration4.TestInvites" name="test_owner_can_invite" time="0.325" /><testcase classname="backend.tests.test_orgs_iteration4.TestInvites" name="test_reinvite_revokes_prior" time="0.515" /><testcase classname="backend.tests.test_orgs_iteration4.TestInvites" name="test_public_get_invite_unauth" time="0.212" /><testcase classname="backend.tests.test_orgs_iteration4.TestInvites" name="test_wrong_email_user_cannot_accept" time="0.291" /><testcase classname="backend.tests.test_orgs_iteration4.TestInvites" name="test_b_accepts_invite" time="0.451" /><testcase classname="backend.tests.test_orgs_iteration4.TestInvites" name="test_accepted_invite_returns_404" time="0.460" /><testcase classname="backend.tests.test_orgs_iteration4.TestInvites" name="test_invite_existing_member_400" time="0.218" /><testcase classname="backend.tests.test_orgs_iteration4.TestInvites" name="test_b_sees_a_deal_after_joining" time="0.200" /><testcase classname="backend.tests.test_orgs_iteration4.TestRoleManagement" name="test_owner_cannot_demote_self" time="0.227" /><testcase classname="backend.tests.test_orgs_iteration4.TestRoleManagement" name="test_owner_can_change_member_role" time="0.208" /><testcase classname="backend.tests.test_orgs_iteration4.TestRoleManagement" name="test_non_owner_cannot_change_role" time="0.219" /><testcase classname="backend.tests.test_orgs_iteration4.TestRoleManagement" name="test_invalid_role_400" time="0.213" /><testcase classname="backend.tests.test_orgs_iteration4.TestRoleManagement" name="test_owner_cannot_remove_self" time="0.240" /><testcase classname="backend.tests.test_orgs_iteration4.TestInviteRevoke" name="test_invite_then_revoke" time="0.639" /><testcase classname="backend.tests.test_orgs_iteration4.TestInviteRevoke" name="test_revoke_nonexistent_404" time="0.202" /><testcase classname="backend.tests.test_orgs_iteration4.TestSwitchOrg" name="test_switch_to_non_member_org_404" time="0.267" /><testcase classname="backend.tests.test_orgs_iteration4.TestSwitchOrg" name="test_b_can_switch_back_to_personal" time="0.872" /><testcase classname="backend.tests.test_orgs_iteration4.TestRemoveMember" name="test_remove_member_falls_back_to_personal" time="0.439" /><testcase classname="backend.tests.test_orgs_iteration4.TestShareExpiryPassword" name="test_share_no_body_no_expiry" time="1.281" /><testcase classname="backend.tests.test_orgs_iteration4.TestShareExpiryPassword" name="test_share_with_expiry_1day" time="0.817" /><testcase classname="backend.tests.test_orgs_iteration4.TestShareExpiryPassword" name="test_share_zero_days_no_expiry" time="0.496" /><testcase classname="backend.tests.test_orgs_iteration4.TestShareExpiryPassword" name="test_share_password_meta_and_unlock" time="2.842" /><testcase classname="backend.tests.test_orgs_iteration4.TestShareExpiryPassword" name="test_share_idempotency_same_settings" time="1.620" /><testcase classname="backend.tests.test_orgs_iteration4.TestShareExpiryPassword" name="test_share_changes_revoke_and_remint" time="0.721" /><testcase classname="backend.tests.test_orgs_iteration4.TestShareExpiryPassword" name="test_expired_share_410" time="0.952" /><testcase classname="backend.tests.test_orgs_iteration4.TestStripeReplay" name="test_invalid_webhook_returns_400" time="0.228" /><testcase classname="backend.tests.test_orgs_iteration4.TestStripeReplay" name="test_stripe_events_collection_exists_or_creatable" time="0.006" /><testcase classname="backend.tests.test_orgs_iteration4.TestRegressionSmoke" name="test_auth_me" time="0.216" /><testcase classname="backend.tests.test_orgs_iteration4.TestRegressionSmoke" name="test_dashboard_stats" time="0.268" /><testcase classname="backend.tests.test_orgs_iteration4.TestRegressionSmoke" name="test_activity_recent" time="0.249" /><testcase classname="backend.tests.test_orgs_iteration4.TestRegressionSmoke" name="test_packages" time="0.248" /><testcase classname="backend.tests.test_orgs_iteration4.TestRegressionSmoke" name="test_search" time="0.257" /><testcase classname="backend.tests.test_orgs_iteration4.TestRegressionSmoke" name="test_settings_update" time="0.298" /><testcase classname="backend.tests.test_orgs_iteration4.TestRegressionSmoke" name="test_login_lazy_migration" time="0.752" /></testsuite></testsuites>