<?xml version="1.0" encoding="utf-8"?><testsuites name="pytest tests"><testsuite name="pytest" errors="0" failures="0" skipped="0" tests="26" time="14.313" timestamp="2026-06-01T17:16:33.007312+00:00" hostname="agent-env-f7b5d136-3a49-426b-8937-3a98ce81f5e2"><testcase classname="backend.tests.backend_test.TestHealth" name="test_root" time="0.262" /><testcase classname="backend.tests.backend_test.TestAuth" name="test_signup_user_a" time="0.642" /><testcase classname="backend.tests.backend_test.TestAuth" name="test_signup_user_b" time="0.553" /><testcase classname="backend.tests.backend_test.TestAuth" name="test_signup_duplicate_returns_400" time="0.173" /><testcase classname="backend.tests.backend_test.TestAuth" name="test_login_valid" time="0.518" /><testcase classname="backend.tests.backend_test.TestAuth" name="test_login_invalid_password" time="0.534" /><testcase classname="backend.tests.backend_test.TestAuth" name="test_login_unknown_user" time="0.183" /><testcase classname="backend.tests.backend_test.TestAuth" name="test_me_with_token" time="0.174" /><testcase classname="backend.tests.backend_test.TestAuth" name="test_me_without_token" time="0.195" /><testcase classname="backend.tests.backend_test.TestAuth" name="test_me_with_bad_token" time="0.197" /><testcase classname="backend.tests.backend_test.TestDeals" name="test_create_deal" time="0.187" /><testcase classname="backend.tests.backend_test.TestDeals" name="test_create_deal_requires_auth" time="0.243" /><testcase classname="backend.tests.backend_test.TestDeals" name="test_list_deals_only_for_user" time="0.360" /><testcase classname="backend.tests.backend_test.TestDeals" name="test_get_deal_returns_counts" time="0.165" /><testcase classname="backend.tests.backend_test.TestDeals" name="test_get_deal_unauthorized_user_404" time="0.167" /><testcase classname="backend.tests.backend_test.TestDocuments" name="test_upload_pdf_and_extract" time="0.194" /><testcase classname="backend.tests.backend_test.TestDocuments" name="test_reject_non_pdf" time="0.663" /><testcase classname="backend.tests.backend_test.TestDocuments" name="test_upload_unauthorized_deal_404" time="0.199" /><testcase classname="backend.tests.backend_test.TestDocuments" name="test_list_documents" time="0.178" /><testcase classname="backend.tests.backend_test.TestDocuments" name="test_list_documents_other_user_blocked" time="0.190" /><testcase classname="backend.tests.backend_test.TestDocuments" name="test_get_document_other_user_blocked" time="0.170" /><testcase classname="backend.tests.backend_test.TestDocuments" name="test_extraction_completes_or_fails_with_message" time="6.709" /><testcase classname="backend.tests.backend_test.TestDashboardAndActivity" name="test_dashboard_stats" time="0.160" /><testcase classname="backend.tests.backend_test.TestDashboardAndActivity" name="test_recent_activity" time="0.211" /><testcase classname="backend.tests.backend_test.TestDeletionAndAuthz" name="test_delete_deal_blocked_for_other_user" time="0.159" /><testcase classname="backend.tests.backend_test.TestDeletionAndAuthz" name="test_delete_deal_cascades_documents" time="0.487" /></testsuite></testsuites>