<?xml version="1.0" encoding="utf-8"?><testsuites name="pytest tests"><testsuite name="pytest" errors="0" failures="2" skipped="0" tests="34" time="27.415" timestamp="2026-06-02T14:57:10.105582+00:00" hostname="agent-env-f7b5d136-3a49-426b-8937-3a98ce81f5e2"><testcase classname="backend.tests.test_new_features.TestSetup" name="test_signup_user_a" time="1.268" /><testcase classname="backend.tests.test_new_features.TestSetup" name="test_signup_user_b" time="0.523" /><testcase classname="backend.tests.test_new_features.TestSetup" name="test_create_deal" time="0.140" /><testcase classname="backend.tests.test_new_features.TestSetup" name="test_create_unrelated_deal_for_user_b" time="0.169" /><testcase classname="backend.tests.test_new_features.TestCsvExportEmpty" name="test_export_csv_headers_only_no_docs" time="0.166" /><testcase classname="backend.tests.test_new_features.TestCsvExportEmpty" name="test_export_csv_unauthorized" time="0.154" /><testcase classname="backend.tests.test_new_features.TestCsvExportEmpty" name="test_export_csv_other_user_404" time="0.145" /><testcase classname="backend.tests.test_new_features.TestCsvExportEmpty" name="test_export_csv_nonexistent_deal" time="0.149" /><testcase classname="backend.tests.test_new_features.TestRollupEmpty" name="test_rollup_get_when_never_generated" time="0.149" /><testcase classname="backend.tests.test_new_features.TestRollupEmpty" name="test_rollup_post_with_no_completed_docs_400" time="0.158" /><testcase classname="backend.tests.test_new_features.TestUploadAndExtract" name="test_upload_pdf" time="0.210" /><testcase classname="backend.tests.test_new_features.TestUploadAndExtract" name="test_wait_extraction_completes" time="9.842" /><testcase classname="backend.tests.test_new_features.TestCsvExportPopulated" name="test_csv_contains_extracted_rows" time="0.148" /><testcase classname="backend.tests.test_new_features.TestRollupGeneration" name="test_post_rollup_generates" time="9.940" /><testcase classname="backend.tests.test_new_features.TestRollupGeneration" name="test_get_rollup_returns_cached" time="0.191" /><testcase classname="backend.tests.test_new_features.TestRollupGeneration" name="test_rollup_other_user_404" time="0.427" /><testcase classname="backend.tests.test_new_features.TestRollupGeneration" name="test_rollup_unauthenticated" time="0.142" /><testcase classname="backend.tests.test_new_features.TestGlobalSearch" name="test_search_short_query_returns_empty" time="0.168" /><testcase classname="backend.tests.test_new_features.TestGlobalSearch" name="test_search_empty_query_returns_empty" time="0.155" /><testcase classname="backend.tests.test_new_features.TestGlobalSearch" name="test_search_matches_deal_name_case_insensitive" time="0.153" /><testcase classname="backend.tests.test_new_features.TestGlobalSearch" name="test_search_matches_target_company" time="0.146" /><testcase classname="backend.tests.test_new_features.TestGlobalSearch" name="test_search_matches_sector" time="0.149" /><testcase classname="backend.tests.test_new_features.TestGlobalSearch" name="test_search_matches_document_filename" time="0.165" /><testcase classname="backend.tests.test_new_features.TestGlobalSearch" name="test_search_isolated_per_user" time="0.143" /><testcase classname="backend.tests.test_new_features.TestGlobalSearch" name="test_search_unauthenticated" time="0.152" /><testcase classname="backend.tests.test_new_features.TestPdfFileEndpoint" name="test_no_token_returns_401" time="0.159" /><testcase classname="backend.tests.test_new_features.TestPdfFileEndpoint" name="test_invalid_token_returns_401" time="0.148" /><testcase classname="backend.tests.test_new_features.TestPdfFileEndpoint" name="test_query_token_returns_pdf" time="0.146" /><testcase classname="backend.tests.test_new_features.TestPdfFileEndpoint" name="test_header_bearer_returns_pdf" time="0.143"><failure message="AssertionError: header bearer failed: status=401 body={&quot;detail&quot;:&quot;Missing token&quot;}&#10;assert 401 == 200&#10; +  where 401 = &lt;Response [401]&gt;.status_code">backend/tests/test_new_features.py:382: in test_header_bearer_returns_pdf
    assert r.status_code == 200, f"header bearer failed: status={r.status_code} body={r.text[:300]}"
E   AssertionError: header bearer failed: status=401 body={"detail":"Missing token"}
E   assert 401 == 200
E    +  where 401 = &lt;Response [401]&gt;.status_code</failure></testcase><testcase classname="backend.tests.test_new_features.TestPdfFileEndpoint" name="test_other_user_query_token_404" time="0.147" /><testcase classname="backend.tests.test_new_features.TestPdfFileEndpoint" name="test_other_user_header_404" time="0.142"><failure message="AssertionError: expected 404 for valid-but-foreign user&#10;assert 401 == 404&#10; +  where 401 = &lt;Response [401]&gt;.status_code">backend/tests/test_new_features.py:402: in test_other_user_header_404
    assert r.status_code == 404, "expected 404 for valid-but-foreign user"
E   AssertionError: expected 404 for valid-but-foreign user
E   assert 401 == 404
E    +  where 401 = &lt;Response [401]&gt;.status_code</failure></testcase><testcase classname="backend.tests.test_new_features.TestRegressionSmoke" name="test_dashboard_stats_still_works" time="0.149" /><testcase classname="backend.tests.test_new_features.TestRegressionSmoke" name="test_list_deals_still_works" time="0.156" /><testcase classname="backend.tests.test_new_features.TestCleanup" name="test_delete_deal_cascades" time="0.302" /></testsuite></testsuites>