<?xml version="1.0" encoding="utf-8"?><testsuites name="pytest tests"><testsuite name="pytest" errors="0" failures="0" skipped="0" tests="40" time="27.128" timestamp="2026-06-02T15:13:30.146202+00:00" hostname="agent-env-f7b5d136-3a49-426b-8937-3a98ce81f5e2"><testcase classname="backend.tests.test_billing_share_slack.TestSetup" name="test_signup_user_a" time="0.638" /><testcase classname="backend.tests.test_billing_share_slack.TestSetup" name="test_signup_user_b" time="0.546" /><testcase classname="backend.tests.test_billing_share_slack.TestSetup" name="test_create_deal_under_a" time="0.158" /><testcase classname="backend.tests.test_billing_share_slack.TestSetup" name="test_create_deal_under_b" time="0.138" /><testcase classname="backend.tests.test_billing_share_slack.TestPackages" name="test_list_packages_shape" time="0.153" /><testcase classname="backend.tests.test_billing_share_slack.TestCheckoutSession" name="test_unknown_package_400" time="0.202" /><testcase classname="backend.tests.test_billing_share_slack.TestCheckoutSession" name="test_create_checkout_session_monthly" time="0.849" /><testcase classname="backend.tests.test_billing_share_slack.TestCheckoutSession" name="test_unauthenticated_blocked" time="0.170" /><testcase classname="backend.tests.test_billing_share_slack.TestCheckoutStatus" name="test_status_for_own_session" time="0.377" /><testcase classname="backend.tests.test_billing_share_slack.TestCheckoutStatus" name="test_status_other_user_404" time="0.187" /><testcase classname="backend.tests.test_billing_share_slack.TestCheckoutStatus" name="test_status_unknown_session_404" time="0.154" /><testcase classname="backend.tests.test_billing_share_slack.TestStripeWebhook" name="test_invalid_webhook_returns_400_not_500" time="0.193" /><testcase classname="backend.tests.test_billing_share_slack.TestStripeWebhook" name="test_missing_signature_returns_400" time="0.436" /><testcase classname="backend.tests.test_billing_share_slack.TestSettings" name="test_set_valid_slack_webhook" time="0.152" /><testcase classname="backend.tests.test_billing_share_slack.TestSettings" name="test_persisted_via_me" time="0.170" /><testcase classname="backend.tests.test_billing_share_slack.TestSettings" name="test_reject_non_slack_url" time="0.154" /><testcase classname="backend.tests.test_billing_share_slack.TestSettings" name="test_empty_string_clears" time="0.211" /><testcase classname="backend.tests.test_billing_share_slack.TestSettings" name="test_unauthenticated_blocked" time="0.150" /><testcase classname="backend.tests.test_billing_share_slack.TestUploadAndRollup" name="test_upload_pdf" time="0.339" /><testcase classname="backend.tests.test_billing_share_slack.TestUploadAndRollup" name="test_wait_extraction" time="10.005" /><testcase classname="backend.tests.test_billing_share_slack.TestUploadAndRollup" name="test_share_before_rollup_400" time="0.146" /><testcase classname="backend.tests.test_billing_share_slack.TestUploadAndRollup" name="test_generate_rollup" time="8.313" /><testcase classname="backend.tests.test_billing_share_slack.TestShareLifecycle" name="test_get_share_when_none" time="0.179" /><testcase classname="backend.tests.test_billing_share_slack.TestShareLifecycle" name="test_create_share" time="0.160" /><testcase classname="backend.tests.test_billing_share_slack.TestShareLifecycle" name="test_create_share_idempotent" time="0.146" /><testcase classname="backend.tests.test_billing_share_slack.TestShareLifecycle" name="test_get_share_after_create" time="0.145" /><testcase classname="backend.tests.test_billing_share_slack.TestShareLifecycle" name="test_view_share_no_auth_required" time="0.173" /><testcase classname="backend.tests.test_billing_share_slack.TestShareLifecycle" name="test_view_count_increments" time="0.315" /><testcase classname="backend.tests.test_billing_share_slack.TestShareLifecycle" name="test_view_unknown_token_404" time="0.148" /><testcase classname="backend.tests.test_billing_share_slack.TestShareLifecycle" name="test_cross_user_get_share_returns_none" time="0.159" /><testcase classname="backend.tests.test_billing_share_slack.TestShareLifecycle" name="test_cross_user_revoke_404" time="0.151" /><testcase classname="backend.tests.test_billing_share_slack.TestShareLifecycle" name="test_share_token_still_works_after_cross_user_revoke_attempt" time="0.148" /><testcase classname="backend.tests.test_billing_share_slack.TestShareLifecycle" name="test_revoke_by_owner" time="0.156" /><testcase classname="backend.tests.test_billing_share_slack.TestShareLifecycle" name="test_view_after_revoke_404" time="0.144" /><testcase classname="backend.tests.test_billing_share_slack.TestShareLifecycle" name="test_create_new_share_after_revoke" time="0.145" /><testcase classname="backend.tests.test_billing_share_slack.TestRegressionSmoke" name="test_dashboard" time="0.148" /><testcase classname="backend.tests.test_billing_share_slack.TestRegressionSmoke" name="test_export_csv" time="0.152" /><testcase classname="backend.tests.test_billing_share_slack.TestRegressionSmoke" name="test_document_file_header_auth" time="0.152" /><testcase classname="backend.tests.test_billing_share_slack.TestRegressionSmoke" name="test_document_file_query_token" time="0.140" /><testcase classname="backend.tests.test_billing_share_slack.TestCleanup" name="test_delete_deals" time="0.308" /></testsuite></testsuites>